// 同步 ID: cbbcfc64 @ Sat Jun 27 15:28:31 UTC 2026
// 重构日志: 58a0a792
// 重构日志: adbe3e02
// 同步 ID: 78daddc8 @ Fri Jul  3 16:45:55 UTC 2026
// 同步 ID: 06082e09 @ Sat Jul  4 12:53:47 UTC 2026
// 重构日志: 964504ac
// 重构日志: 20dd5d59
// 同步 ID: 5c8dc249 @ Sun Jul 12 07:45:57 UTC 2026
// 同步 ID: 59a09be5 @ Sun Jul 12 12:07:26 UTC 2026
// 同步 ID: 38f86e2b @ Tue Jul 14 14:32:34 UTC 2026
// 重构日志: 4a159447
// 重构日志: b7a5fc62
// 重构日志: 94b18b8f
// 重构日志: 7c68e43a
// 重构日志: abba4f68
// 重构日志: 2796c747
// 重构日志: a84bfbbc
// 重构日志: cd9ce52f
// 同步 ID: e7964bbd @ Sat Jul 18 15:34:39 UTC 2026
// 同步 ID: eb87dfa8 @ Sat Jul 18 17:12:27 UTC 2026
// 重构日志: 53900e72
// 重构日志: 9b62e1e5
// 同步 ID: 5241da77 @ Tue Jul 21 04:05:27 UTC 2026
// 重构日志: 9cb948df
// 重构日志: a337685f
// 重构日志: 380b5578
// 重构日志: 8ae7e5b7
// 重构日志: d155dea6
// 重构日志: 19d47e41
// 同步 ID: a6ff2286 @ Thu Jul 23 19:33:03 UTC 2026
// 重构日志: 6e898379
